[0.064s] DEBUG:colcon:Command line arguments: ['/usr/bin/colcon', 'build']
[0.064s] DEBUG:colcon:Parsed command line arguments: Namespace(log_base=None, log_level=None, verb_name='build', build_base='build', install_base='install', merge_install=False, symlink_install=False, test_result_base=None, continue_on_error=False, executor='parallel', parallel_workers=16, event_handlers=None, ignore_user_meta=False, metas=['./colcon.meta'], base_paths=['.'], packages_ignore=None, packages_ignore_regex=None, paths=None, packages_up_to=None, packages_up_to_regex=None, packages_above=None, packages_above_and_dependencies=None, packages_above_depth=None, packages_select_by_dep=None, packages_skip_by_dep=None, packages_skip_up_to=None, packages_select_build_failed=False, packages_skip_build_finished=False, packages_select_test_failures=False, packages_skip_test_passed=False, packages_select=None, packages_skip=None, packages_select_regex=None, packages_skip_regex=None, packages_start=None, packages_end=None, allow_overriding=[], cmake_args=None, cmake_target=None, cmake_target_skip_unavailable=False, cmake_clean_cache=False, cmake_clean_first=False, cmake_force_configure=False, ament_cmake_args=None, catkin_cmake_args=None, catkin_skip_building_tests=False, mixin_files=None, mixin=None, verb_parser=<colcon_mixin.mixin.mixin_argument.MixinArgumentDecorator object at 0x76e7ae11aec0>, verb_extension=<colcon_core.verb.build.BuildVerb object at 0x76e7ae11a950>, main=<bound method BuildVerb.main of <colcon_core.verb.build.BuildVerb object at 0x76e7ae11a950>>, mixin_verb=('build',))
[0.153s] Level 1:colcon.colcon_core.package_discovery:discover_packages(colcon_meta) check parameters
[0.153s] Level 1:colcon.colcon_core.package_discovery:discover_packages(recursive) check parameters
[0.153s] Level 1:colcon.colcon_core.package_discovery:discover_packages(ignore) check parameters
[0.153s] Level 1:colcon.colcon_core.package_discovery:discover_packages(path) check parameters
[0.153s] Level 1:colcon.colcon_core.package_discovery:discover_packages(colcon_meta) discover
[0.153s] Level 1:colcon.colcon_core.package_discovery:discover_packages(recursive) discover
[0.153s] INFO:colcon.colcon_core.package_discovery:Crawling recursively for packages in '/home/yousefabdelhady/SESASR_labs/lab_4/ros2_ws'
[0.153s] Level 1:colcon.colcon_core.package_identification:_identify(.) by extensions ['ignore', 'ignore_ament_install']
[0.153s] Level 1:colcon.colcon_core.package_identification:_identify(.) by extension 'ignore'
[0.153s] Level 1:colcon.colcon_core.package_identification:_identify(.) by extension 'ignore_ament_install'
[0.153s] Level 1:colcon.colcon_core.package_identification:_identify(.) by extensions ['colcon_pkg']
[0.153s] Level 1:colcon.colcon_core.package_identification:_identify(.) by extension 'colcon_pkg'
[0.153s] Level 1:colcon.colcon_core.package_identification:_identify(.) by extensions ['colcon_meta']
[0.153s] Level 1:colcon.colcon_core.package_identification:_identify(.) by extension 'colcon_meta'
[0.153s] Level 1:colcon.colcon_core.package_identification:_identify(.) by extensions ['ros']
[0.153s] Level 1:colcon.colcon_core.package_identification:_identify(.) by extension 'ros'
[0.160s] Level 1:colcon.colcon_core.package_identification:_identify(.) by extensions ['cmake', 'python']
[0.160s] Level 1:colcon.colcon_core.package_identification:_identify(.) by extension 'cmake'
[0.160s] Level 1:colcon.colcon_core.package_identification:_identify(.) by extension 'python'
[0.160s] Level 1:colcon.colcon_core.package_identification:_identify(.) by extensions ['python_setup_py']
[0.160s] Level 1:colcon.colcon_core.package_identification:_identify(.) by extension 'python_setup_py'
[0.160s] Level 1:colcon.colcon_core.package_identification:_identify(build) by extensions ['ignore', 'ignore_ament_install']
[0.160s] Level 1:colcon.colcon_core.package_identification:_identify(build) by extension 'ignore'
[0.160s] Level 1:colcon.colcon_core.package_identification:_identify(build) ignored
[0.160s] Level 1:colcon.colcon_core.package_identification:_identify(install) by extensions ['ignore', 'ignore_ament_install']
[0.160s] Level 1:colcon.colcon_core.package_identification:_identify(install) by extension 'ignore'
[0.160s] Level 1:colcon.colcon_core.package_identification:_identify(install) ignored
[0.160s] Level 1:colcon.colcon_core.package_identification:_identify(log) by extensions ['ignore', 'ignore_ament_install']
[0.160s] Level 1:colcon.colcon_core.package_identification:_identify(log) by extension 'ignore'
[0.160s] Level 1:colcon.colcon_core.package_identification:_identify(log) ignored
[0.160s] Level 1:colcon.colcon_core.package_identification:_identify(src) by extensions ['ignore', 'ignore_ament_install']
[0.160s] Level 1:colcon.colcon_core.package_identification:_identify(src) by extension 'ignore'
[0.160s] Level 1:colcon.colcon_core.package_identification:_identify(src) by extension 'ignore_ament_install'
[0.161s] Level 1:colcon.colcon_core.package_identification:_identify(src) by extensions ['colcon_pkg']
[0.161s] Level 1:colcon.colcon_core.package_identification:_identify(src) by extension 'colcon_pkg'
[0.161s] Level 1:colcon.colcon_core.package_identification:_identify(src) by extensions ['colcon_meta']
[0.161s] Level 1:colcon.colcon_core.package_identification:_identify(src) by extension 'colcon_meta'
[0.161s] Level 1:colcon.colcon_core.package_identification:_identify(src) by extensions ['ros']
[0.161s] Level 1:colcon.colcon_core.package_identification:_identify(src) by extension 'ros'
[0.161s] Level 1:colcon.colcon_core.package_identification:_identify(src) by extensions ['cmake', 'python']
[0.161s] Level 1:colcon.colcon_core.package_identification:_identify(src) by extension 'cmake'
[0.161s] Level 1:colcon.colcon_core.package_identification:_identify(src) by extension 'python'
[0.161s] Level 1:colcon.colcon_core.package_identification:_identify(src) by extensions ['python_setup_py']
[0.161s] Level 1:colcon.colcon_core.package_identification:_identify(src) by extension 'python_setup_py'
[0.161s] Level 1:colcon.colcon_core.package_identification:_identify(src/lab4_pkg) by extensions ['ignore', 'ignore_ament_install']
[0.161s] Level 1:colcon.colcon_core.package_identification:_identify(src/lab4_pkg) by extension 'ignore'
[0.161s] Level 1:colcon.colcon_core.package_identification:_identify(src/lab4_pkg) by extension 'ignore_ament_install'
[0.161s] Level 1:colcon.colcon_core.package_identification:_identify(src/lab4_pkg) by extensions ['colcon_pkg']
[0.161s] Level 1:colcon.colcon_core.package_identification:_identify(src/lab4_pkg) by extension 'colcon_pkg'
[0.161s] Level 1:colcon.colcon_core.package_identification:_identify(src/lab4_pkg) by extensions ['colcon_meta']
[0.161s] Level 1:colcon.colcon_core.package_identification:_identify(src/lab4_pkg) by extension 'colcon_meta'
[0.161s] Level 1:colcon.colcon_core.package_identification:_identify(src/lab4_pkg) by extensions ['ros']
[0.161s] Level 1:colcon.colcon_core.package_identification:_identify(src/lab4_pkg) by extension 'ros'
[0.162s] DEBUG:colcon.colcon_core.package_identification:Package 'src/lab4_pkg' with type 'ros.ament_python' and name 'lab04_pkg'
[0.162s] Level 1:colcon.colcon_core.package_discovery:discover_packages(recursive) using defaults
[0.162s] Level 1:colcon.colcon_core.package_discovery:discover_packages(ignore) discover
[0.162s] Level 1:colcon.colcon_core.package_discovery:discover_packages(ignore) using defaults
[0.162s] Level 1:colcon.colcon_core.package_discovery:discover_packages(path) discover
[0.162s] Level 1:colcon.colcon_core.package_discovery:discover_packages(path) using defaults
[0.181s] Level 1:colcon.colcon_core.package_discovery:discover_packages(prefix_path) check parameters
[0.181s] Level 1:colcon.colcon_core.package_discovery:discover_packages(prefix_path) discover
[0.182s] DEBUG:colcon.colcon_installed_package_information.package_discovery:Found 1 installed packages in /home/yousefabdelhady/SESASR_labs/lab_4/ros2_ws/install
[0.183s] DEBUG:colcon.colcon_installed_package_information.package_discovery:Found 465 installed packages in /opt/ros/humble
[0.184s] Level 1:colcon.colcon_core.package_discovery:discover_packages(prefix_path) using defaults
[0.211s] Level 5:colcon.colcon_core.verb:set package 'lab04_pkg' build argument 'cmake_args' from command line to 'None'
[0.211s] Level 5:colcon.colcon_core.verb:set package 'lab04_pkg' build argument 'cmake_target' from command line to 'None'
[0.211s] Level 5:colcon.colcon_core.verb:set package 'lab04_pkg' build argument 'cmake_target_skip_unavailable' from command line to 'False'
[0.211s] Level 5:colcon.colcon_core.verb:set package 'lab04_pkg' build argument 'cmake_clean_cache' from command line to 'False'
[0.211s] Level 5:colcon.colcon_core.verb:set package 'lab04_pkg' build argument 'cmake_clean_first' from command line to 'False'
[0.211s] Level 5:colcon.colcon_core.verb:set package 'lab04_pkg' build argument 'cmake_force_configure' from command line to 'False'
[0.211s] Level 5:colcon.colcon_core.verb:set package 'lab04_pkg' build argument 'ament_cmake_args' from command line to 'None'
[0.211s] Level 5:colcon.colcon_core.verb:set package 'lab04_pkg' build argument 'catkin_cmake_args' from command line to 'None'
[0.211s] Level 5:colcon.colcon_core.verb:set package 'lab04_pkg' build argument 'catkin_skip_building_tests' from command line to 'False'
[0.211s] DEBUG:colcon.colcon_core.verb:Building package 'lab04_pkg' with the following arguments: {'ament_cmake_args': None, 'build_base': '/home/yousefabdelhady/SESASR_labs/lab_4/ros2_ws/build/lab04_pkg', 'catkin_cmake_args': None, 'catkin_skip_building_tests': False, 'cmake_args': None, 'cmake_clean_cache': False, 'cmake_clean_first': False, 'cmake_force_configure': False, 'cmake_target': None, 'cmake_target_skip_unavailable': False, 'install_base': '/home/yousefabdelhady/SESASR_labs/lab_4/ros2_ws/install/lab04_pkg', 'merge_install': False, 'path': '/home/yousefabdelhady/SESASR_labs/lab_4/ros2_ws/src/lab4_pkg', 'symlink_install': False, 'test_result_base': None}
[0.211s] INFO:colcon.colcon_core.executor:Executing jobs using 'parallel' executor
[0.212s] DEBUG:colcon.colcon_parallel_executor.executor.parallel:run_until_complete
[0.212s] INFO:colcon.colcon_ros.task.ament_python.build:Building ROS package in '/home/yousefabdelhady/SESASR_labs/lab_4/ros2_ws/src/lab4_pkg' with build type 'ament_python'
[0.212s] Level 1:colcon.colcon_core.shell:create_environment_hook('lab04_pkg', 'ament_prefix_path')
[0.214s] INFO:colcon.colcon_core.plugin_system:Skipping extension 'colcon_core.shell.bat': Not used on non-Windows systems
[0.214s] INFO:colcon.colcon_core.shell:Creating environment hook '/home/yousefabdelhady/SESASR_labs/lab_4/ros2_ws/install/lab04_pkg/share/lab04_pkg/hook/ament_prefix_path.ps1'
[0.214s] INFO:colcon.colcon_core.shell:Creating environment descriptor '/home/yousefabdelhady/SESASR_labs/lab_4/ros2_ws/install/lab04_pkg/share/lab04_pkg/hook/ament_prefix_path.dsv'
[0.214s] INFO:colcon.colcon_core.shell:Creating environment hook '/home/yousefabdelhady/SESASR_labs/lab_4/ros2_ws/install/lab04_pkg/share/lab04_pkg/hook/ament_prefix_path.sh'
[0.215s] INFO:colcon.colcon_core.shell:Skip shell extension 'powershell' for command environment: Not usable outside of PowerShell
[0.215s] DEBUG:colcon.colcon_core.shell:Skip shell extension 'dsv' for command environment
[0.359s] INFO:colcon.colcon_core.task.python.build:Building Python package in '/home/yousefabdelhady/SESASR_labs/lab_4/ros2_ws/src/lab4_pkg'
[0.360s] INFO:colcon.colcon_core.shell:Skip shell extension 'powershell' for command environment: Not usable outside of PowerShell
[0.360s] DEBUG:colcon.colcon_core.shell:Skip shell extension 'dsv' for command environment
[0.557s] DEBUG:colcon.colcon_core.event_handler.log_command:Invoking command in '/home/yousefabdelhady/SESASR_labs/lab_4/ros2_ws/src/lab4_pkg': PYTHONPATH=/home/yousefabdelhady/SESASR_labs/lab_4/ros2_ws/build/lab04_pkg/prefix_override:/usr/lib/python3/dist-packages/colcon_core/task/python/colcon_distutils_commands:/home/yousefabdelhady/SESASR_labs/lab_4/ros2_ws/install/lab04_pkg/lib/python3.10/site-packages:${PYTHONPATH} /usr/bin/python3 -W ignore:setup.py install is deprecated -W ignore:easy_install command is deprecated setup.py egg_info --egg-base ../../build/lab04_pkg build --build-base /home/yousefabdelhady/SESASR_labs/lab_4/ros2_ws/build/lab04_pkg/build install --record /home/yousefabdelhady/SESASR_labs/lab_4/ros2_ws/build/lab04_pkg/install.log --single-version-externally-managed install_data
[0.725s] DEBUG:colcon.colcon_core.event_handler.log_command:Invoked command in '/home/yousefabdelhady/SESASR_labs/lab_4/ros2_ws/src/lab4_pkg' returned '0': PYTHONPATH=/home/yousefabdelhady/SESASR_labs/lab_4/ros2_ws/build/lab04_pkg/prefix_override:/usr/lib/python3/dist-packages/colcon_core/task/python/colcon_distutils_commands:/home/yousefabdelhady/SESASR_labs/lab_4/ros2_ws/install/lab04_pkg/lib/python3.10/site-packages:${PYTHONPATH} /usr/bin/python3 -W ignore:setup.py install is deprecated -W ignore:easy_install command is deprecated setup.py egg_info --egg-base ../../build/lab04_pkg build --build-base /home/yousefabdelhady/SESASR_labs/lab_4/ros2_ws/build/lab04_pkg/build install --record /home/yousefabdelhady/SESASR_labs/lab_4/ros2_ws/build/lab04_pkg/install.log --single-version-externally-managed install_data
[0.726s] Level 1:colcon.colcon_core.environment:checking '/home/yousefabdelhady/SESASR_labs/lab_4/ros2_ws/install/lab04_pkg' for CMake module files
[0.727s] Level 1:colcon.colcon_core.environment:checking '/home/yousefabdelhady/SESASR_labs/lab_4/ros2_ws/install/lab04_pkg' for CMake config files
[0.727s] Level 1:colcon.colcon_core.environment:checking '/home/yousefabdelhady/SESASR_labs/lab_4/ros2_ws/install/lab04_pkg/lib'
[0.727s] Level 1:colcon.colcon_core.environment:checking '/home/yousefabdelhady/SESASR_labs/lab_4/ros2_ws/install/lab04_pkg/bin'
[0.727s] Level 1:colcon.colcon_core.environment:checking '/home/yousefabdelhady/SESASR_labs/lab_4/ros2_ws/install/lab04_pkg/lib/pkgconfig/lab04_pkg.pc'
[0.727s] Level 1:colcon.colcon_core.environment:checking '/home/yousefabdelhady/SESASR_labs/lab_4/ros2_ws/install/lab04_pkg/lib/python3.10/site-packages'
[0.727s] Level 1:colcon.colcon_core.shell:create_environment_hook('lab04_pkg', 'pythonpath')
[0.728s] INFO:colcon.colcon_core.shell:Creating environment hook '/home/yousefabdelhady/SESASR_labs/lab_4/ros2_ws/install/lab04_pkg/share/lab04_pkg/hook/pythonpath.ps1'
[0.728s] INFO:colcon.colcon_core.shell:Creating environment descriptor '/home/yousefabdelhady/SESASR_labs/lab_4/ros2_ws/install/lab04_pkg/share/lab04_pkg/hook/pythonpath.dsv'
[0.728s] INFO:colcon.colcon_core.shell:Creating environment hook '/home/yousefabdelhady/SESASR_labs/lab_4/ros2_ws/install/lab04_pkg/share/lab04_pkg/hook/pythonpath.sh'
[0.728s] Level 1:colcon.colcon_core.environment:checking '/home/yousefabdelhady/SESASR_labs/lab_4/ros2_ws/install/lab04_pkg/bin'
[0.728s] Level 1:colcon.colcon_core.environment:create_environment_scripts_only(lab04_pkg)
[0.729s] INFO:colcon.colcon_core.shell:Creating package script '/home/yousefabdelhady/SESASR_labs/lab_4/ros2_ws/install/lab04_pkg/share/lab04_pkg/package.ps1'
[0.729s] INFO:colcon.colcon_core.shell:Creating package descriptor '/home/yousefabdelhady/SESASR_labs/lab_4/ros2_ws/install/lab04_pkg/share/lab04_pkg/package.dsv'
[0.729s] INFO:colcon.colcon_core.shell:Creating package script '/home/yousefabdelhady/SESASR_labs/lab_4/ros2_ws/install/lab04_pkg/share/lab04_pkg/package.sh'
[0.730s] INFO:colcon.colcon_core.shell:Creating package script '/home/yousefabdelhady/SESASR_labs/lab_4/ros2_ws/install/lab04_pkg/share/lab04_pkg/package.bash'
[0.730s] INFO:colcon.colcon_core.shell:Creating package script '/home/yousefabdelhady/SESASR_labs/lab_4/ros2_ws/install/lab04_pkg/share/lab04_pkg/package.zsh'
[0.731s] Level 1:colcon.colcon_core.environment:create_file_with_runtime_dependencies(/home/yousefabdelhady/SESASR_labs/lab_4/ros2_ws/install/lab04_pkg/share/colcon-core/packages/lab04_pkg)
[0.731s] DEBUG:colcon.colcon_parallel_executor.executor.parallel:closing loop
[0.731s] DEBUG:colcon.colcon_parallel_executor.executor.parallel:loop closed
[0.731s] DEBUG:colcon.colcon_parallel_executor.executor.parallel:run_until_complete finished with '0'
[0.731s] DEBUG:colcon.colcon_core.event_reactor:joining thread
[0.735s] INFO:colcon.colcon_core.plugin_system:Skipping extension 'colcon_notification.desktop_notification.terminal_notifier': Not used on non-Darwin systems
[0.735s] INFO:colcon.colcon_core.plugin_system:Skipping extension 'colcon_notification.desktop_notification.win32': Not used on non-Windows systems
[0.735s] INFO:colcon.colcon_notification.desktop_notification:Sending desktop notification using 'notify2'
[0.742s] DEBUG:colcon.colcon_core.event_reactor:joined thread
[0.742s] INFO:colcon.colcon_core.shell:Creating prefix script '/home/yousefabdelhady/SESASR_labs/lab_4/ros2_ws/install/local_setup.ps1'
[0.743s] INFO:colcon.colcon_core.shell:Creating prefix util module '/home/yousefabdelhady/SESASR_labs/lab_4/ros2_ws/install/_local_setup_util_ps1.py'
[0.744s] INFO:colcon.colcon_core.shell:Creating prefix chain script '/home/yousefabdelhady/SESASR_labs/lab_4/ros2_ws/install/setup.ps1'
[0.744s] INFO:colcon.colcon_core.shell:Creating prefix script '/home/yousefabdelhady/SESASR_labs/lab_4/ros2_ws/install/local_setup.sh'
[0.744s] INFO:colcon.colcon_core.shell:Creating prefix util module '/home/yousefabdelhady/SESASR_labs/lab_4/ros2_ws/install/_local_setup_util_sh.py'
[0.745s] INFO:colcon.colcon_core.shell:Creating prefix chain script '/home/yousefabdelhady/SESASR_labs/lab_4/ros2_ws/install/setup.sh'
[0.745s] INFO:colcon.colcon_core.shell:Creating prefix script '/home/yousefabdelhady/SESASR_labs/lab_4/ros2_ws/install/local_setup.bash'
[0.746s] INFO:colcon.colcon_core.shell:Creating prefix chain script '/home/yousefabdelhady/SESASR_labs/lab_4/ros2_ws/install/setup.bash'
[0.746s] INFO:colcon.colcon_core.shell:Creating prefix script '/home/yousefabdelhady/SESASR_labs/lab_4/ros2_ws/install/local_setup.zsh'
[0.746s] INFO:colcon.colcon_core.shell:Creating prefix chain script '/home/yousefabdelhady/SESASR_labs/lab_4/ros2_ws/install/setup.zsh'
