/home/yousefabdelhady/SESASR_labs/lab_4/ros2_ws/install/lab04_pkg/lib/python3.10/site-packages/lab04_pkg/task1.py
/home/yousefabdelhady/SESASR_labs/lab_4/ros2_ws/install/lab04_pkg/lib/python3.10/site-packages/lab04_pkg/landmark_model.py
/home/yousefabdelhady/SESASR_labs/lab_4/ros2_ws/install/lab04_pkg/lib/python3.10/site-packages/lab04_pkg/task2_def.py
/home/yousefabdelhady/SESASR_labs/lab_4/ros2_ws/install/lab04_pkg/lib/python3.10/site-packages/lab04_pkg/velocity_model.py
/home/yousefabdelhady/SESASR_labs/lab_4/ros2_ws/install/lab04_pkg/lib/python3.10/site-packages/lab04_pkg/velocity_model4task2.py
/home/yousefabdelhady/SESASR_labs/lab_4/ros2_ws/install/lab04_pkg/lib/python3.10/site-packages/lab04_pkg/EKF.py
/home/yousefabdelhady/SESASR_labs/lab_4/ros2_ws/install/lab04_pkg/lib/python3.10/site-packages/lab04_pkg/__init__.py
/home/yousefabdelhady/SESASR_labs/lab_4/ros2_ws/install/lab04_pkg/lib/python3.10/site-packages/lab04_pkg/velocity4ekf.py
/home/yousefabdelhady/SESASR_labs/lab_4/ros2_ws/install/lab04_pkg/lib/python3.10/site-packages/lab04_pkg/__pycache__/task1.cpython-310.pyc
/home/yousefabdelhady/SESASR_labs/lab_4/ros2_ws/install/lab04_pkg/lib/python3.10/site-packages/lab04_pkg/__pycache__/landmark_model.cpython-310.pyc
/home/yousefabdelhady/SESASR_labs/lab_4/ros2_ws/install/lab04_pkg/lib/python3.10/site-packages/lab04_pkg/__pycache__/task2_def.cpython-310.pyc
/home/yousefabdelhady/SESASR_labs/lab_4/ros2_ws/install/lab04_pkg/lib/python3.10/site-packages/lab04_pkg/__pycache__/velocity_model.cpython-310.pyc
/home/yousefabdelhady/SESASR_labs/lab_4/ros2_ws/install/lab04_pkg/lib/python3.10/site-packages/lab04_pkg/__pycache__/velocity_model4task2.cpython-310.pyc
/home/yousefabdelhady/SESASR_labs/lab_4/ros2_ws/install/lab04_pkg/lib/python3.10/site-packages/lab04_pkg/__pycache__/EKF.cpython-310.pyc
/home/yousefabdelhady/SESASR_labs/lab_4/ros2_ws/install/lab04_pkg/lib/python3.10/site-packages/lab04_pkg/__pycache__/__init__.cpython-310.pyc
/home/yousefabdelhady/SESASR_labs/lab_4/ros2_ws/install/lab04_pkg/lib/python3.10/site-packages/lab04_pkg/__pycache__/velocity4ekf.cpython-310.pyc
/home/yousefabdelhady/SESASR_labs/lab_4/ros2_ws/install/lab04_pkg/share/ament_index/resource_index/packages/lab04_pkg
/home/yousefabdelhady/SESASR_labs/lab_4/ros2_ws/install/lab04_pkg/share/lab04_pkg/package.xml
/home/yousefabdelhady/SESASR_labs/lab_4/ros2_ws/install/lab04_pkg/share/lab04_pkg/config/landmarks_real.yaml
/home/yousefabdelhady/SESASR_labs/lab_4/ros2_ws/install/lab04_pkg/lib/python3.10/site-packages/lab04_pkg-0.0.0-py3.10.egg-info/dependency_links.txt
/home/yousefabdelhady/SESASR_labs/lab_4/ros2_ws/install/lab04_pkg/lib/python3.10/site-packages/lab04_pkg-0.0.0-py3.10.egg-info/top_level.txt
/home/yousefabdelhady/SESASR_labs/lab_4/ros2_ws/install/lab04_pkg/lib/python3.10/site-packages/lab04_pkg-0.0.0-py3.10.egg-info/requires.txt
/home/yousefabdelhady/SESASR_labs/lab_4/ros2_ws/install/lab04_pkg/lib/python3.10/site-packages/lab04_pkg-0.0.0-py3.10.egg-info/entry_points.txt
/home/yousefabdelhady/SESASR_labs/lab_4/ros2_ws/install/lab04_pkg/lib/python3.10/site-packages/lab04_pkg-0.0.0-py3.10.egg-info/PKG-INFO
/home/yousefabdelhady/SESASR_labs/lab_4/ros2_ws/install/lab04_pkg/lib/python3.10/site-packages/lab04_pkg-0.0.0-py3.10.egg-info/SOURCES.txt
/home/yousefabdelhady/SESASR_labs/lab_4/ros2_ws/install/lab04_pkg/lib/python3.10/site-packages/lab04_pkg-0.0.0-py3.10.egg-info/zip-safe
/home/yousefabdelhady/SESASR_labs/lab_4/ros2_ws/install/lab04_pkg/lib/lab04_pkg/task0_landmark
/home/yousefabdelhady/SESASR_labs/lab_4/ros2_ws/install/lab04_pkg/lib/lab04_pkg/task0_velocity
/home/yousefabdelhady/SESASR_labs/lab_4/ros2_ws/install/lab04_pkg/lib/lab04_pkg/task1_node
/home/yousefabdelhady/SESASR_labs/lab_4/ros2_ws/install/lab04_pkg/lib/lab04_pkg/task2_node
