running egg_info
creating ../../build/lab04_pkg/lab04_pkg.egg-info
writing ../../build/lab04_pkg/lab04_pkg.egg-info/PKG-INFO
writing dependency_links to ../../build/lab04_pkg/lab04_pkg.egg-info/dependency_links.txt
writing entry points to ../../build/lab04_pkg/lab04_pkg.egg-info/entry_points.txt
writing requirements to ../../build/lab04_pkg/lab04_pkg.egg-info/requires.txt
writing top-level names to ../../build/lab04_pkg/lab04_pkg.egg-info/top_level.txt
writing manifest file '../../build/lab04_pkg/lab04_pkg.egg-info/SOURCES.txt'
reading manifest file '../../build/lab04_pkg/lab04_pkg.egg-info/SOURCES.txt'
writing manifest file '../../build/lab04_pkg/lab04_pkg.egg-info/SOURCES.txt'
running build
running build_py
creating /home/yousefabdelhady/SESASR_labs/lab_4/ros2_ws/build/lab04_pkg/build
creating /home/yousefabdelhady/SESASR_labs/lab_4/ros2_ws/build/lab04_pkg/build/lib
creating /home/yousefabdelhady/SESASR_labs/lab_4/ros2_ws/build/lab04_pkg/build/lib/lab04_pkg
copying lab04_pkg/task1.py -> /home/yousefabdelhady/SESASR_labs/lab_4/ros2_ws/build/lab04_pkg/build/lib/lab04_pkg
copying lab04_pkg/landmark_model.py -> /home/yousefabdelhady/SESASR_labs/lab_4/ros2_ws/build/lab04_pkg/build/lib/lab04_pkg
copying lab04_pkg/task2_def.py -> /home/yousefabdelhady/SESASR_labs/lab_4/ros2_ws/build/lab04_pkg/build/lib/lab04_pkg
copying lab04_pkg/velocity_model.py -> /home/yousefabdelhady/SESASR_labs/lab_4/ros2_ws/build/lab04_pkg/build/lib/lab04_pkg
copying lab04_pkg/velocity_model4task2.py -> /home/yousefabdelhady/SESASR_labs/lab_4/ros2_ws/build/lab04_pkg/build/lib/lab04_pkg
copying lab04_pkg/EKF.py -> /home/yousefabdelhady/SESASR_labs/lab_4/ros2_ws/build/lab04_pkg/build/lib/lab04_pkg
copying lab04_pkg/__init__.py -> /home/yousefabdelhady/SESASR_labs/lab_4/ros2_ws/build/lab04_pkg/build/lib/lab04_pkg
copying lab04_pkg/velocity4ekf.py -> /home/yousefabdelhady/SESASR_labs/lab_4/ros2_ws/build/lab04_pkg/build/lib/lab04_pkg
running install
running install_lib
creating /home/yousefabdelhady/SESASR_labs/lab_4/ros2_ws/install/lab04_pkg/lib/python3.10/site-packages/lab04_pkg
copying /home/yousefabdelhady/SESASR_labs/lab_4/ros2_ws/build/lab04_pkg/build/lib/lab04_pkg/task1.py -> /home/yousefabdelhady/SESASR_labs/lab_4/ros2_ws/install/lab04_pkg/lib/python3.10/site-packages/lab04_pkg
copying /home/yousefabdelhady/SESASR_labs/lab_4/ros2_ws/build/lab04_pkg/build/lib/lab04_pkg/landmark_model.py -> /home/yousefabdelhady/SESASR_labs/lab_4/ros2_ws/install/lab04_pkg/lib/python3.10/site-packages/lab04_pkg
copying /home/yousefabdelhady/SESASR_labs/lab_4/ros2_ws/build/lab04_pkg/build/lib/lab04_pkg/task2_def.py -> /home/yousefabdelhady/SESASR_labs/lab_4/ros2_ws/install/lab04_pkg/lib/python3.10/site-packages/lab04_pkg
copying /home/yousefabdelhady/SESASR_labs/lab_4/ros2_ws/build/lab04_pkg/build/lib/lab04_pkg/velocity_model.py -> /home/yousefabdelhady/SESASR_labs/lab_4/ros2_ws/install/lab04_pkg/lib/python3.10/site-packages/lab04_pkg
copying /home/yousefabdelhady/SESASR_labs/lab_4/ros2_ws/build/lab04_pkg/build/lib/lab04_pkg/velocity_model4task2.py -> /home/yousefabdelhady/SESASR_labs/lab_4/ros2_ws/install/lab04_pkg/lib/python3.10/site-packages/lab04_pkg
copying /home/yousefabdelhady/SESASR_labs/lab_4/ros2_ws/build/lab04_pkg/build/lib/lab04_pkg/EKF.py -> /home/yousefabdelhady/SESASR_labs/lab_4/ros2_ws/install/lab04_pkg/lib/python3.10/site-packages/lab04_pkg
copying /home/yousefabdelhady/SESASR_labs/lab_4/ros2_ws/build/lab04_pkg/build/lib/lab04_pkg/__init__.py -> /home/yousefabdelhady/SESASR_labs/lab_4/ros2_ws/install/lab04_pkg/lib/python3.10/site-packages/lab04_pkg
copying /home/yousefabdelhady/SESASR_labs/lab_4/ros2_ws/build/lab04_pkg/build/lib/lab04_pkg/velocity4ekf.py -> /home/yousefabdelhady/SESASR_labs/lab_4/ros2_ws/install/lab04_pkg/lib/python3.10/site-packages/lab04_pkg
byte-compiling /home/yousefabdelhady/SESASR_labs/lab_4/ros2_ws/install/lab04_pkg/lib/python3.10/site-packages/lab04_pkg/task1.py to task1.cpython-310.pyc
byte-compiling /home/yousefabdelhady/SESASR_labs/lab_4/ros2_ws/install/lab04_pkg/lib/python3.10/site-packages/lab04_pkg/landmark_model.py to landmark_model.cpython-310.pyc
byte-compiling /home/yousefabdelhady/SESASR_labs/lab_4/ros2_ws/install/lab04_pkg/lib/python3.10/site-packages/lab04_pkg/task2_def.py to task2_def.cpython-310.pyc
byte-compiling /home/yousefabdelhady/SESASR_labs/lab_4/ros2_ws/install/lab04_pkg/lib/python3.10/site-packages/lab04_pkg/velocity_model.py to velocity_model.cpython-310.pyc
byte-compiling /home/yousefabdelhady/SESASR_labs/lab_4/ros2_ws/install/lab04_pkg/lib/python3.10/site-packages/lab04_pkg/velocity_model4task2.py to velocity_model4task2.cpython-310.pyc
byte-compiling /home/yousefabdelhady/SESASR_labs/lab_4/ros2_ws/install/lab04_pkg/lib/python3.10/site-packages/lab04_pkg/EKF.py to EKF.cpython-310.pyc
byte-compiling /home/yousefabdelhady/SESASR_labs/lab_4/ros2_ws/install/lab04_pkg/lib/python3.10/site-packages/lab04_pkg/__init__.py to __init__.cpython-310.pyc
byte-compiling /home/yousefabdelhady/SESASR_labs/lab_4/ros2_ws/install/lab04_pkg/lib/python3.10/site-packages/lab04_pkg/velocity4ekf.py to velocity4ekf.cpython-310.pyc
running install_data
creating /home/yousefabdelhady/SESASR_labs/lab_4/ros2_ws/install/lab04_pkg/share/ament_index
creating /home/yousefabdelhady/SESASR_labs/lab_4/ros2_ws/install/lab04_pkg/share/ament_index/resource_index
creating /home/yousefabdelhady/SESASR_labs/lab_4/ros2_ws/install/lab04_pkg/share/ament_index/resource_index/packages
copying resource/lab04_pkg -> /home/yousefabdelhady/SESASR_labs/lab_4/ros2_ws/install/lab04_pkg/share/ament_index/resource_index/packages
copying package.xml -> /home/yousefabdelhady/SESASR_labs/lab_4/ros2_ws/install/lab04_pkg/share/lab04_pkg
creating /home/yousefabdelhady/SESASR_labs/lab_4/ros2_ws/install/lab04_pkg/share/lab04_pkg/config
copying config/landmarks_real.yaml -> /home/yousefabdelhady/SESASR_labs/lab_4/ros2_ws/install/lab04_pkg/share/lab04_pkg/config
running install_egg_info
Copying ../../build/lab04_pkg/lab04_pkg.egg-info to /home/yousefabdelhady/SESASR_labs/lab_4/ros2_ws/install/lab04_pkg/lib/python3.10/site-packages/lab04_pkg-0.0.0-py3.10.egg-info
running install_scripts
Installing task1_node script to /home/yousefabdelhady/SESASR_labs/lab_4/ros2_ws/install/lab04_pkg/lib/lab04_pkg
Installing task2_node script to /home/yousefabdelhady/SESASR_labs/lab_4/ros2_ws/install/lab04_pkg/lib/lab04_pkg
writing list of installed files to '/home/yousefabdelhady/SESASR_labs/lab_4/ros2_ws/build/lab04_pkg/install.log'
