[0.346s] Invoking command in '/home/yousefabdelhady/SESASR_labs/lab_4/ros2_ws/src/lab4_pkg': PYTHONPATH=/home/yousefabdelhady/SESASR_labs/lab_4/ros2_ws/build/lab04_pkg/prefix_override:/usr/lib/python3/dist-packages/colcon_core/task/python/colcon_distutils_commands:/home/yousefabdelhady/SESASR_labs/lab_4/ros2_ws/install/lab04_pkg/lib/python3.10/site-packages:${PYTHONPATH} /usr/bin/python3 -W ignore:setup.py install is deprecated -W ignore:easy_install command is deprecated setup.py egg_info --egg-base ../../build/lab04_pkg build --build-base /home/yousefabdelhady/SESASR_labs/lab_4/ros2_ws/build/lab04_pkg/build install --record /home/yousefabdelhady/SESASR_labs/lab_4/ros2_ws/build/lab04_pkg/install.log --single-version-externally-managed install_data
[0.472s] running egg_info
[0.472s] creating ../../build/lab04_pkg/lab04_pkg.egg-info
[0.472s] writing ../../build/lab04_pkg/lab04_pkg.egg-info/PKG-INFO
[0.473s] writing dependency_links to ../../build/lab04_pkg/lab04_pkg.egg-info/dependency_links.txt
[0.473s] writing entry points to ../../build/lab04_pkg/lab04_pkg.egg-info/entry_points.txt
[0.473s] writing requirements to ../../build/lab04_pkg/lab04_pkg.egg-info/requires.txt
[0.473s] writing top-level names to ../../build/lab04_pkg/lab04_pkg.egg-info/top_level.txt
[0.473s] writing manifest file '../../build/lab04_pkg/lab04_pkg.egg-info/SOURCES.txt'
[0.474s] reading manifest file '../../build/lab04_pkg/lab04_pkg.egg-info/SOURCES.txt'
[0.474s] writing manifest file '../../build/lab04_pkg/lab04_pkg.egg-info/SOURCES.txt'
[0.474s] running build
[0.474s] running build_py
[0.474s] creating /home/yousefabdelhady/SESASR_labs/lab_4/ros2_ws/build/lab04_pkg/build
[0.474s] creating /home/yousefabdelhady/SESASR_labs/lab_4/ros2_ws/build/lab04_pkg/build/lib
[0.474s] creating /home/yousefabdelhady/SESASR_labs/lab_4/ros2_ws/build/lab04_pkg/build/lib/lab04_pkg
[0.475s] copying lab04_pkg/task1.py -> /home/yousefabdelhady/SESASR_labs/lab_4/ros2_ws/build/lab04_pkg/build/lib/lab04_pkg
[0.475s] copying lab04_pkg/landmark_model.py -> /home/yousefabdelhady/SESASR_labs/lab_4/ros2_ws/build/lab04_pkg/build/lib/lab04_pkg
[0.475s] copying lab04_pkg/task2_def.py -> /home/yousefabdelhady/SESASR_labs/lab_4/ros2_ws/build/lab04_pkg/build/lib/lab04_pkg
[0.475s] copying lab04_pkg/velocity_model.py -> /home/yousefabdelhady/SESASR_labs/lab_4/ros2_ws/build/lab04_pkg/build/lib/lab04_pkg
[0.475s] copying lab04_pkg/velocity_model4task2.py -> /home/yousefabdelhady/SESASR_labs/lab_4/ros2_ws/build/lab04_pkg/build/lib/lab04_pkg
[0.475s] copying lab04_pkg/EKF.py -> /home/yousefabdelhady/SESASR_labs/lab_4/ros2_ws/build/lab04_pkg/build/lib/lab04_pkg
[0.475s] copying lab04_pkg/__init__.py -> /home/yousefabdelhady/SESASR_labs/lab_4/ros2_ws/build/lab04_pkg/build/lib/lab04_pkg
[0.475s] copying lab04_pkg/velocity4ekf.py -> /home/yousefabdelhady/SESASR_labs/lab_4/ros2_ws/build/lab04_pkg/build/lib/lab04_pkg
[0.475s] running install
[0.475s] running install_lib
[0.476s] creating /home/yousefabdelhady/SESASR_labs/lab_4/ros2_ws/install/lab04_pkg/lib/python3.10/site-packages/lab04_pkg
[0.476s] copying /home/yousefabdelhady/SESASR_labs/lab_4/ros2_ws/build/lab04_pkg/build/lib/lab04_pkg/task1.py -> /home/yousefabdelhady/SESASR_labs/lab_4/ros2_ws/install/lab04_pkg/lib/python3.10/site-packages/lab04_pkg
[0.476s] copying /home/yousefabdelhady/SESASR_labs/lab_4/ros2_ws/build/lab04_pkg/build/lib/lab04_pkg/landmark_model.py -> /home/yousefabdelhady/SESASR_labs/lab_4/ros2_ws/install/lab04_pkg/lib/python3.10/site-packages/lab04_pkg
[0.476s] copying /home/yousefabdelhady/SESASR_labs/lab_4/ros2_ws/build/lab04_pkg/build/lib/lab04_pkg/task2_def.py -> /home/yousefabdelhady/SESASR_labs/lab_4/ros2_ws/install/lab04_pkg/lib/python3.10/site-packages/lab04_pkg
[0.476s] copying /home/yousefabdelhady/SESASR_labs/lab_4/ros2_ws/build/lab04_pkg/build/lib/lab04_pkg/velocity_model.py -> /home/yousefabdelhady/SESASR_labs/lab_4/ros2_ws/install/lab04_pkg/lib/python3.10/site-packages/lab04_pkg
[0.476s] copying /home/yousefabdelhady/SESASR_labs/lab_4/ros2_ws/build/lab04_pkg/build/lib/lab04_pkg/velocity_model4task2.py -> /home/yousefabdelhady/SESASR_labs/lab_4/ros2_ws/install/lab04_pkg/lib/python3.10/site-packages/lab04_pkg
[0.476s] copying /home/yousefabdelhady/SESASR_labs/lab_4/ros2_ws/build/lab04_pkg/build/lib/lab04_pkg/EKF.py -> /home/yousefabdelhady/SESASR_labs/lab_4/ros2_ws/install/lab04_pkg/lib/python3.10/site-packages/lab04_pkg
[0.476s] copying /home/yousefabdelhady/SESASR_labs/lab_4/ros2_ws/build/lab04_pkg/build/lib/lab04_pkg/__init__.py -> /home/yousefabdelhady/SESASR_labs/lab_4/ros2_ws/install/lab04_pkg/lib/python3.10/site-packages/lab04_pkg
[0.476s] copying /home/yousefabdelhady/SESASR_labs/lab_4/ros2_ws/build/lab04_pkg/build/lib/lab04_pkg/velocity4ekf.py -> /home/yousefabdelhady/SESASR_labs/lab_4/ros2_ws/install/lab04_pkg/lib/python3.10/site-packages/lab04_pkg
[0.476s] byte-compiling /home/yousefabdelhady/SESASR_labs/lab_4/ros2_ws/install/lab04_pkg/lib/python3.10/site-packages/lab04_pkg/task1.py to task1.cpython-310.pyc
[0.477s] byte-compiling /home/yousefabdelhady/SESASR_labs/lab_4/ros2_ws/install/lab04_pkg/lib/python3.10/site-packages/lab04_pkg/landmark_model.py to landmark_model.cpython-310.pyc
[0.478s] byte-compiling /home/yousefabdelhady/SESASR_labs/lab_4/ros2_ws/install/lab04_pkg/lib/python3.10/site-packages/lab04_pkg/task2_def.py to task2_def.cpython-310.pyc
[0.479s] byte-compiling /home/yousefabdelhady/SESASR_labs/lab_4/ros2_ws/install/lab04_pkg/lib/python3.10/site-packages/lab04_pkg/velocity_model.py to velocity_model.cpython-310.pyc
[0.480s] byte-compiling /home/yousefabdelhady/SESASR_labs/lab_4/ros2_ws/install/lab04_pkg/lib/python3.10/site-packages/lab04_pkg/velocity_model4task2.py to velocity_model4task2.cpython-310.pyc
[0.480s] byte-compiling /home/yousefabdelhady/SESASR_labs/lab_4/ros2_ws/install/lab04_pkg/lib/python3.10/site-packages/lab04_pkg/EKF.py to EKF.cpython-310.pyc
[0.480s] byte-compiling /home/yousefabdelhady/SESASR_labs/lab_4/ros2_ws/install/lab04_pkg/lib/python3.10/site-packages/lab04_pkg/__init__.py to __init__.cpython-310.pyc
[0.480s] byte-compiling /home/yousefabdelhady/SESASR_labs/lab_4/ros2_ws/install/lab04_pkg/lib/python3.10/site-packages/lab04_pkg/velocity4ekf.py to velocity4ekf.cpython-310.pyc
[0.480s] running install_data
[0.480s] creating /home/yousefabdelhady/SESASR_labs/lab_4/ros2_ws/install/lab04_pkg/share/ament_index
[0.480s] creating /home/yousefabdelhady/SESASR_labs/lab_4/ros2_ws/install/lab04_pkg/share/ament_index/resource_index
[0.480s] creating /home/yousefabdelhady/SESASR_labs/lab_4/ros2_ws/install/lab04_pkg/share/ament_index/resource_index/packages
[0.480s] copying resource/lab04_pkg -> /home/yousefabdelhady/SESASR_labs/lab_4/ros2_ws/install/lab04_pkg/share/ament_index/resource_index/packages
[0.481s] copying package.xml -> /home/yousefabdelhady/SESASR_labs/lab_4/ros2_ws/install/lab04_pkg/share/lab04_pkg
[0.481s] creating /home/yousefabdelhady/SESASR_labs/lab_4/ros2_ws/install/lab04_pkg/share/lab04_pkg/config
[0.481s] copying config/landmarks_real.yaml -> /home/yousefabdelhady/SESASR_labs/lab_4/ros2_ws/install/lab04_pkg/share/lab04_pkg/config
[0.481s] running install_egg_info
[0.482s] Copying ../../build/lab04_pkg/lab04_pkg.egg-info to /home/yousefabdelhady/SESASR_labs/lab_4/ros2_ws/install/lab04_pkg/lib/python3.10/site-packages/lab04_pkg-0.0.0-py3.10.egg-info
[0.482s] running install_scripts
[0.493s] Installing task1_node script to /home/yousefabdelhady/SESASR_labs/lab_4/ros2_ws/install/lab04_pkg/lib/lab04_pkg
[0.494s] Installing task2_node script to /home/yousefabdelhady/SESASR_labs/lab_4/ros2_ws/install/lab04_pkg/lib/lab04_pkg
[0.494s] writing list of installed files to '/home/yousefabdelhady/SESASR_labs/lab_4/ros2_ws/build/lab04_pkg/install.log'
[0.509s] Invoked command in '/home/yousefabdelhady/SESASR_labs/lab_4/ros2_ws/src/lab4_pkg' returned '0': PYTHONPATH=/home/yousefabdelhady/SESASR_labs/lab_4/ros2_ws/build/lab04_pkg/prefix_override:/usr/lib/python3/dist-packages/colcon_core/task/python/colcon_distutils_commands:/home/yousefabdelhady/SESASR_labs/lab_4/ros2_ws/install/lab04_pkg/lib/python3.10/site-packages:${PYTHONPATH} /usr/bin/python3 -W ignore:setup.py install is deprecated -W ignore:easy_install command is deprecated setup.py egg_info --egg-base ../../build/lab04_pkg build --build-base /home/yousefabdelhady/SESASR_labs/lab_4/ros2_ws/build/lab04_pkg/build install --record /home/yousefabdelhady/SESASR_labs/lab_4/ros2_ws/build/lab04_pkg/install.log --single-version-externally-managed install_data
