running egg_info
writing ../../build/lab04_pkg/lab04_pkg.egg-info/PKG-INFO
writing dependency_links to ../../build/lab04_pkg/lab04_pkg.egg-info/dependency_links.txt
writing entry points to ../../build/lab04_pkg/lab04_pkg.egg-info/entry_points.txt
writing requirements to ../../build/lab04_pkg/lab04_pkg.egg-info/requires.txt
writing top-level names to ../../build/lab04_pkg/lab04_pkg.egg-info/top_level.txt
reading manifest file '../../build/lab04_pkg/lab04_pkg.egg-info/SOURCES.txt'
writing manifest file '../../build/lab04_pkg/lab04_pkg.egg-info/SOURCES.txt'
running build
running build_py
running install
running install_lib
running install_data
running install_egg_info
removing '/home/yousefabdelhady/SESASR_labs/lab_4/ros2_ws/install/lab04_pkg/lib/python3.10/site-packages/lab04_pkg-0.0.0-py3.10.egg-info' (and everything under it)
Copying ../../build/lab04_pkg/lab04_pkg.egg-info to /home/yousefabdelhady/SESASR_labs/lab_4/ros2_ws/install/lab04_pkg/lib/python3.10/site-packages/lab04_pkg-0.0.0-py3.10.egg-info
running install_scripts
Installing task0_landmark script to /home/yousefabdelhady/SESASR_labs/lab_4/ros2_ws/install/lab04_pkg/lib/lab04_pkg
Installing task0_velocity script to /home/yousefabdelhady/SESASR_labs/lab_4/ros2_ws/install/lab04_pkg/lib/lab04_pkg
Installing task1_node script to /home/yousefabdelhady/SESASR_labs/lab_4/ros2_ws/install/lab04_pkg/lib/lab04_pkg
Installing task2_node script to /home/yousefabdelhady/SESASR_labs/lab_4/ros2_ws/install/lab04_pkg/lib/lab04_pkg
writing list of installed files to '/home/yousefabdelhady/SESASR_labs/lab_4/ros2_ws/build/lab04_pkg/install.log'
