[0.344s] Invoking command in '/home/yousefabdelhady/SESASR_labs/lab_4/ros2_ws/src/lab4_pkg': PYTHONPATH=/home/yousefabdelhady/SESASR_labs/lab_4/ros2_ws/build/lab04_pkg/prefix_override:/usr/lib/python3/dist-packages/colcon_core/task/python/colcon_distutils_commands:/home/yousefabdelhady/SESASR_labs/lab_4/ros2_ws/install/lab04_pkg/lib/python3.10/site-packages:${PYTHONPATH} /usr/bin/python3 -W ignore:setup.py install is deprecated -W ignore:easy_install command is deprecated setup.py egg_info --egg-base ../../build/lab04_pkg build --build-base /home/yousefabdelhady/SESASR_labs/lab_4/ros2_ws/build/lab04_pkg/build install --record /home/yousefabdelhady/SESASR_labs/lab_4/ros2_ws/build/lab04_pkg/install.log --single-version-externally-managed install_data
[0.479s] running egg_info
[0.479s] writing ../../build/lab04_pkg/lab04_pkg.egg-info/PKG-INFO
[0.479s] writing dependency_links to ../../build/lab04_pkg/lab04_pkg.egg-info/dependency_links.txt
[0.479s] writing entry points to ../../build/lab04_pkg/lab04_pkg.egg-info/entry_points.txt
[0.479s] writing requirements to ../../build/lab04_pkg/lab04_pkg.egg-info/requires.txt
[0.479s] writing top-level names to ../../build/lab04_pkg/lab04_pkg.egg-info/top_level.txt
[0.481s] reading manifest file '../../build/lab04_pkg/lab04_pkg.egg-info/SOURCES.txt'
[0.481s] writing manifest file '../../build/lab04_pkg/lab04_pkg.egg-info/SOURCES.txt'
[0.481s] running build
[0.481s] running build_py
[0.482s] running install
[0.482s] running install_lib
[0.483s] running install_data
[0.483s] running install_egg_info
[0.484s] removing '/home/yousefabdelhady/SESASR_labs/lab_4/ros2_ws/install/lab04_pkg/lib/python3.10/site-packages/lab04_pkg-0.0.0-py3.10.egg-info' (and everything under it)
[0.484s] Copying ../../build/lab04_pkg/lab04_pkg.egg-info to /home/yousefabdelhady/SESASR_labs/lab_4/ros2_ws/install/lab04_pkg/lib/python3.10/site-packages/lab04_pkg-0.0.0-py3.10.egg-info
[0.484s] running install_scripts
[0.497s] Installing task0_landmark script to /home/yousefabdelhady/SESASR_labs/lab_4/ros2_ws/install/lab04_pkg/lib/lab04_pkg
[0.498s] Installing task0_velocity script to /home/yousefabdelhady/SESASR_labs/lab_4/ros2_ws/install/lab04_pkg/lib/lab04_pkg
[0.498s] Installing task1_node script to /home/yousefabdelhady/SESASR_labs/lab_4/ros2_ws/install/lab04_pkg/lib/lab04_pkg
[0.498s] Installing task2_node script to /home/yousefabdelhady/SESASR_labs/lab_4/ros2_ws/install/lab04_pkg/lib/lab04_pkg
[0.498s] writing list of installed files to '/home/yousefabdelhady/SESASR_labs/lab_4/ros2_ws/build/lab04_pkg/install.log'
[0.512s] Invoked command in '/home/yousefabdelhady/SESASR_labs/lab_4/ros2_ws/src/lab4_pkg' returned '0': PYTHONPATH=/home/yousefabdelhady/SESASR_labs/lab_4/ros2_ws/build/lab04_pkg/prefix_override:/usr/lib/python3/dist-packages/colcon_core/task/python/colcon_distutils_commands:/home/yousefabdelhady/SESASR_labs/lab_4/ros2_ws/install/lab04_pkg/lib/python3.10/site-packages:${PYTHONPATH} /usr/bin/python3 -W ignore:setup.py install is deprecated -W ignore:easy_install command is deprecated setup.py egg_info --egg-base ../../build/lab04_pkg build --build-base /home/yousefabdelhady/SESASR_labs/lab_4/ros2_ws/build/lab04_pkg/build install --record /home/yousefabdelhady/SESASR_labs/lab_4/ros2_ws/build/lab04_pkg/install.log --single-version-externally-managed install_data
